<?xml version="1.0" encoding="UTF-8"?>
<!-- Generated by org.testng.reporters.JUnitReportReporter -->
<testsuite hostname="LAPTOP-4IN1F9OR" failures="0" tests="1" name="AboutAirport.TC_005" time="39.980" errors="0" timestamp="2022-09-22T12:54:19 EEST" skipped="0">
  <testcase classname="AboutAirport.TC_005" name="test" time="39.980"/>
  <system-out/>
</testsuite> <!-- AboutAirport.TC_005 -->
